<?xml version="1.0" encoding="UTF-8"?>
<testsuite name="TestCase1" tests="1" skipped="0" failures="0" errors="0" timestamp="2018-03-20T14:18:00" hostname="9ce303e6516e" time="0.002">
  <properties/>
  <testcase name="test" classname="TestCase1" time="0.002"/>
  <system-out><![CDATA[server/172.20.0.2
FROM SERVER: 14
]]></system-out>
  <system-err><![CDATA[]]></system-err>
</testsuite>
